<?xml version="1.0" encoding="UTF-8"?>
<!-- Generated by org.testng.reporters.JUnitXMLReporter -->
<testsuite ignored="0" hostname="DESKTOP-0SL14KQ" failures="0" tests="3" name="Test" time="100.657" errors="0" timestamp="2023-05-23T10:43:10 IST">
  <testcase classname="testNGAnnotations.GoogleSearchTestCase" name="search1" time="18.987"/>
  <testcase classname="testNGAnnotations.GoogleSearchTestCase" name="search2" time="9.918"/>
  <testcase classname="testNGAnnotations.GoogleSearchTestCase" name="search3" time="9.2"/>
</testsuite> <!-- Test -->
