<?xml version="1.0" encoding="UTF-8"?>
<!-- Generated by org.testng.reporters.JUnitXMLReporter -->
<testsuite ignored="0" hostname="DESKTOP-0SL14KQ" failures="0" tests="3" name="Default test" time="0.151" errors="0" timestamp="2023-05-26T14:05:01 IST">
  <testcase classname="testNGFlags.Flag5DependsOn" name="loginmethod" time="0.037"/>
  <testcase classname="testNGFlags.Flag5DependsOn" name="createuser" time="0.002"/>
  <testcase classname="testNGFlags.Flag5DependsOn" name="logoutmethod" time="0.004"/>
</testsuite> <!-- Default test -->
