<?xml version="1.0" encoding="UTF-8"?>
<testng-results ignored="0" total="3" passed="3" failed="0" skipped="0">
  <reporter-output>
    <line>
      <![CDATA[login performed!!]]>
    </line>
    <line>
      <![CDATA[User Created!!]]>
    </line>
    <line>
      <![CDATA[logOut performed!!]]>
    </line>
  </reporter-output>
  <suite started-at="2023-05-26T14:05:01 IST" name="Default suite" finished-at="2023-05-26T14:05:01 IST" duration-ms="151">
    <groups>
    </groups>
    <test started-at="2023-05-26T14:05:01 IST" name="Default test" finished-at="2023-05-26T14:05:01 IST" duration-ms="151">
      <class name="testNGFlags.Flag5DependsOn">
        <test-method signature="loginmethod()[pri:0, instance:testNGFlags.Flag5DependsOn@61386958]" started-at="2023-05-26T14:05:01 IST" name="loginmethod" description="Login TestCase" finished-at="2023-05-26T14:05:01 IST" duration-ms="37" status="PASS">
          <reporter-output>
            <line>
              <![CDATA[login performed!!]]>
            </line>
          </reporter-output>
        </test-method> <!-- loginmethod -->
        <test-method signature="createuser()[pri:0, instance:testNGFlags.Flag5DependsOn@61386958]" started-at="2023-05-26T14:05:01 IST" name="createuser" description="CreateUser TestCase" finished-at="2023-05-26T14:05:01 IST" depends-on-methods="testNGFlags.Flag5DependsOn.loginmethod" duration-ms="2" status="PASS">
          <reporter-output>
            <line>
              <![CDATA[User Created!!]]>
            </line>
          </reporter-output>
        </test-method> <!-- createuser -->
        <test-method signature="logoutmethod()[pri:0, instance:testNGFlags.Flag5DependsOn@61386958]" started-at="2023-05-26T14:05:01 IST" name="logoutmethod" description="LogOut TestCase" finished-at="2023-05-26T14:05:01 IST" depends-on-methods="testNGFlags.Flag5DependsOn.createuser" duration-ms="4" status="PASS">
          <reporter-output>
            <line>
              <![CDATA[logOut performed!!]]>
            </line>
          </reporter-output>
        </test-method> <!-- logoutmethod -->
      </class> <!-- testNGFlags.Flag5DependsOn -->
    </test> <!-- Default test -->
  </suite> <!-- Default suite -->
</testng-results>
